The system is: Linux - 6.2.0-39-generic - x86_64
Compiling the C compiler identification source file "CMakeCCompilerId.c" succeeded.
Compiler: /home/jflanping/riscv64-unknown-elf-gcc-2018.07.0-x86_64-linux-ubuntu14/bin/riscv64-unknown-elf-gcc 
Build flags: 
Id flags:  

The output was:
0


Compilation of the C compiler identification source "CMakeCCompilerId.c" produced "a.out"

The C compiler identification is GNU, found in "/home/jflanping/OSLab/lab8/build/CMakeFiles/3.22.1/CompilerIdC/a.out"

Detecting C compiler ABI info compiled with the following output:
Change Dir: /home/jflanping/OSLab/lab8/build/CMakeFiles/CMakeTmp

Run Build Command(s):/usr/bin/gmake -f Makefile cmTC_7b033/fast && /usr/bin/gmake  -f CMakeFiles/cmTC_7b033.dir/build.make CMakeFiles/cmTC_7b033.dir/build
gmake[1]: Entering directory '/home/jflanping/OSLab/lab8/build/CMakeFiles/CMakeTmp'
Building C object CMakeFiles/cmTC_7b033.dir/CMakeCCompilerABI.c.o
/home/jflanping/riscv64-unknown-elf-gcc-2018.07.0-x86_64-linux-ubuntu14/bin/riscv64-unknown-elf-gcc   -v -o CMakeFiles/cmTC_7b033.dir/CMakeCCompilerABI.c.o -c /usr/share/cmake-3.22/Modules/CMakeCCompilerABI.c
Using built-in specs.
COLLECT_GCC=/home/jflanping/riscv64-unknown-elf-gcc-2018.07.0-x86_64-linux-ubuntu14/bin/riscv64-unknown-elf-gcc
Target: riscv64-unknown-elf
Configured with: /scratch/palmer/work/20180627-toolchain_binaries/riscv-binary-tools/obj/x86_64-linux-ubuntu14/build/riscv-gnu-toolchain/riscv-gcc/configure --target=riscv64-unknown-elf --host=x86_64-linux-gnu --prefix=/scratch/palmer/work/20180627-toolchain_binaries/riscv-binary-tools/obj/x86_64-linux-ubuntu14/install/riscv64-unknown-elf-gcc-2018.07.0-x86_64-linux-ubuntu14 --disable-shared --disable-threads --enable-languages=c,c++ --without-system-zlib --enable-tls --with-newlib --with-sysroot=/scratch/palmer/work/20180627-toolchain_binaries/riscv-binary-tools/obj/x86_64-linux-ubuntu14/install/riscv64-unknown-elf-gcc-2018.07.0-x86_64-linux-ubuntu14/riscv64-unknown-elf --with-native-system-header-dir=/include --disable-libmudflap --disable-libssp --disable-libquadmath --disable-libgomp --disable-nls --src=.././riscv-gcc --enable-checking=yes --enable-multilib --with-abi=lp64d --with-arch=rv64imafdc 'CFLAGS_FOR_TARGET=-Os  -mcmodel=medany'
Thread model: single
gcc version 8.1.0 (GCC) 
COLLECT_GCC_OPTIONS='-v' '-o' 'CMakeFiles/cmTC_7b033.dir/CMakeCCompilerABI.c.o' '-c' '-march=rv64imafdc' '-mabi=lp64d'
 /home/jflanping/riscv64-unknown-elf-gcc-2018.07.0-x86_64-linux-ubuntu14/bin/../libexec/gcc/riscv64-unknown-elf/8.1.0/cc1 -quiet -v -imultilib rv64imafdc/lp64d -iprefix /home/jflanping/riscv64-unknown-elf-gcc-2018.07.0-x86_64-linux-ubuntu14/bin/../lib/gcc/riscv64-unknown-elf/8.1.0/ -isysroot /home/jflanping/riscv64-unknown-elf-gcc-2018.07.0-x86_64-linux-ubuntu14/bin/../riscv64-unknown-elf /usr/share/cmake-3.22/Modules/CMakeCCompilerABI.c -quiet -dumpbase CMakeCCompilerABI.c -march=rv64imafdc -mabi=lp64d -auxbase-strip CMakeFiles/cmTC_7b033.dir/CMakeCCompilerABI.c.o -version -o /tmp/cc5oAGiQ.s
GNU C17 (GCC) version 8.1.0 (riscv64-unknown-elf)
	compiled by GNU C version 5.4.0 20160609, GMP version 6.1.0, MPFR version 3.1.4, MPC version 1.0.3, isl version isl-0.18-GMP

GGC heuristics: --param ggc-min-expand=30 --param ggc-min-heapsize=4096
ignoring duplicate directory "/home/jflanping/riscv64-unknown-elf-gcc-2018.07.0-x86_64-linux-ubuntu14/bin/../lib/gcc/../../lib/gcc/riscv64-unknown-elf/8.1.0/include"
ignoring nonexistent directory "/home/jflanping/riscv64-unknown-elf-gcc-2018.07.0-x86_64-linux-ubuntu14/bin/../riscv64-unknown-elf/usr/local/include"
ignoring duplicate directory "/home/jflanping/riscv64-unknown-elf-gcc-2018.07.0-x86_64-linux-ubuntu14/bin/../lib/gcc/../../lib/gcc/riscv64-unknown-elf/8.1.0/include-fixed"
ignoring duplicate directory "/home/jflanping/riscv64-unknown-elf-gcc-2018.07.0-x86_64-linux-ubuntu14/bin/../lib/gcc/../../lib/gcc/riscv64-unknown-elf/8.1.0/../../../../riscv64-unknown-elf/include"
ignoring duplicate directory "/home/jflanping/riscv64-unknown-elf-gcc-2018.07.0-x86_64-linux-ubuntu14/bin/../riscv64-unknown-elf/include"
#include "..." search starts here:
#include <...> search starts here:
 /home/jflanping/riscv64-unknown-elf-gcc-2018.07.0-x86_64-linux-ubuntu14/bin/../lib/gcc/riscv64-unknown-elf/8.1.0/include
 /home/jflanping/riscv64-unknown-elf-gcc-2018.07.0-x86_64-linux-ubuntu14/bin/../lib/gcc/riscv64-unknown-elf/8.1.0/include-fixed
 /home/jflanping/riscv64-unknown-elf-gcc-2018.07.0-x86_64-linux-ubuntu14/bin/../lib/gcc/riscv64-unknown-elf/8.1.0/../../../../riscv64-unknown-elf/include
End of search list.
GNU C17 (GCC) version 8.1.0 (riscv64-unknown-elf)
	compiled by GNU C version 5.4.0 20160609, GMP version 6.1.0, MPFR version 3.1.4, MPC version 1.0.3, isl version isl-0.18-GMP

GGC heuristics: --param ggc-min-expand=30 --param ggc-min-heapsize=4096
Compiler executable checksum: f24a014d56799ae268b5fff3e52ef8b3
COLLECT_GCC_OPTIONS='-v' '-o' 'CMakeFiles/cmTC_7b033.dir/CMakeCCompilerABI.c.o' '-c' '-march=rv64imafdc' '-mabi=lp64d'
 /home/jflanping/riscv64-unknown-elf-gcc-2018.07.0-x86_64-linux-ubuntu14/bin/../lib/gcc/riscv64-unknown-elf/8.1.0/../../../../riscv64-unknown-elf/bin/as -v --traditional-format -march=rv64imafdc -mabi=lp64d -o CMakeFiles/cmTC_7b033.dir/CMakeCCompilerABI.c.o /tmp/cc5oAGiQ.s
GNU assembler version 2.30 (riscv64-unknown-elf) using BFD version (GNU Binutils) 2.30
COMPILER_PATH=/home/jflanping/riscv64-unknown-elf-gcc-2018.07.0-x86_64-linux-ubuntu14/bin/../libexec/gcc/riscv64-unknown-elf/8.1.0/:/home/jflanping/riscv64-unknown-elf-gcc-2018.07.0-x86_64-linux-ubuntu14/bin/../libexec/gcc/:/home/jflanping/riscv64-unknown-elf-gcc-2018.07.0-x86_64-linux-ubuntu14/bin/../lib/gcc/riscv64-unknown-elf/8.1.0/../../../../riscv64-unknown-elf/bin/
LIBRARY_PATH=/home/jflanping/riscv64-unknown-elf-gcc-2018.07.0-x86_64-linux-ubuntu14/bin/../lib/gcc/riscv64-unknown-elf/8.1.0/rv64imafdc/lp64d/:/home/jflanping/riscv64-unknown-elf-gcc-2018.07.0-x86_64-linux-ubuntu14/bin/../lib/gcc/riscv64-unknown-elf/8.1.0/../../../../riscv64-unknown-elf/lib/rv64imafdc/lp64d/:/home/jflanping/riscv64-unknown-elf-gcc-2018.07.0-x86_64-linux-ubuntu14/bin/../riscv64-unknown-elf/lib/rv64imafdc/lp64d/:/home/jflanping/riscv64-unknown-elf-gcc-2018.07.0-x86_64-linux-ubuntu14/bin/../lib/gcc/riscv64-unknown-elf/8.1.0/:/home/jflanping/riscv64-unknown-elf-gcc-2018.07.0-x86_64-linux-ubuntu14/bin/../lib/gcc/:/home/jflanping/riscv64-unknown-elf-gcc-2018.07.0-x86_64-linux-ubuntu14/bin/../lib/gcc/riscv64-unknown-elf/8.1.0/../../../../riscv64-unknown-elf/lib/:/home/jflanping/riscv64-unknown-elf-gcc-2018.07.0-x86_64-linux-ubuntu14/bin/../riscv64-unknown-elf/lib/
COLLECT_GCC_OPTIONS='-v' '-o' 'CMakeFiles/cmTC_7b033.dir/CMakeCCompilerABI.c.o' '-c' '-march=rv64imafdc' '-mabi=lp64d'
Linking C executable cmTC_7b033
/usr/bin/cmake -E cmake_link_script CMakeFiles/cmTC_7b033.dir/link.txt --verbose=1
/home/jflanping/riscv64-unknown-elf-gcc-2018.07.0-x86_64-linux-ubuntu14/bin/riscv64-unknown-elf-gcc  -v CMakeFiles/cmTC_7b033.dir/CMakeCCompilerABI.c.o -o cmTC_7b033 
Using built-in specs.
COLLECT_GCC=/home/jflanping/riscv64-unknown-elf-gcc-2018.07.0-x86_64-linux-ubuntu14/bin/riscv64-unknown-elf-gcc
COLLECT_LTO_WRAPPER=/home/jflanping/riscv64-unknown-elf-gcc-2018.07.0-x86_64-linux-ubuntu14/bin/../libexec/gcc/riscv64-unknown-elf/8.1.0/lto-wrapper
Target: riscv64-unknown-elf
Configured with: /scratch/palmer/work/20180627-toolchain_binaries/riscv-binary-tools/obj/x86_64-linux-ubuntu14/build/riscv-gnu-toolchain/riscv-gcc/configure --target=riscv64-unknown-elf --host=x86_64-linux-gnu --prefix=/scratch/palmer/work/20180627-toolchain_binaries/riscv-binary-tools/obj/x86_64-linux-ubuntu14/install/riscv64-unknown-elf-gcc-2018.07.0-x86_64-linux-ubuntu14 --disable-shared --disable-threads --enable-languages=c,c++ --without-system-zlib --enable-tls --with-newlib --with-sysroot=/scratch/palmer/work/20180627-toolchain_binaries/riscv-binary-tools/obj/x86_64-linux-ubuntu14/install/riscv64-unknown-elf-gcc-2018.07.0-x86_64-linux-ubuntu14/riscv64-unknown-elf --with-native-system-header-dir=/include --disable-libmudflap --disable-libssp --disable-libquadmath --disable-libgomp --disable-nls --src=.././riscv-gcc --enable-checking=yes --enable-multilib --with-abi=lp64d --with-arch=rv64imafdc 'CFLAGS_FOR_TARGET=-Os  -mcmodel=medany'
Thread model: single
gcc version 8.1.0 (GCC) 
COMPILER_PATH=/home/jflanping/riscv64-unknown-elf-gcc-2018.07.0-x86_64-linux-ubuntu14/bin/../libexec/gcc/riscv64-unknown-elf/8.1.0/:/home/jflanping/riscv64-unknown-elf-gcc-2018.07.0-x86_64-linux-ubuntu14/bin/../libexec/gcc/:/home/jflanping/riscv64-unknown-elf-gcc-2018.07.0-x86_64-linux-ubuntu14/bin/../lib/gcc/riscv64-unknown-elf/8.1.0/../../../../riscv64-unknown-elf/bin/
LIBRARY_PATH=/home/jflanping/riscv64-unknown-elf-gcc-2018.07.0-x86_64-linux-ubuntu14/bin/../lib/gcc/riscv64-unknown-elf/8.1.0/rv64imafdc/lp64d/:/home/jflanping/riscv64-unknown-elf-gcc-2018.07.0-x86_64-linux-ubuntu14/bin/../lib/gcc/riscv64-unknown-elf/8.1.0/../../../../riscv64-unknown-elf/lib/rv64imafdc/lp64d/:/home/jflanping/riscv64-unknown-elf-gcc-2018.07.0-x86_64-linux-ubuntu14/bin/../riscv64-unknown-elf/lib/rv64imafdc/lp64d/:/home/jflanping/riscv64-unknown-elf-gcc-2018.07.0-x86_64-linux-ubuntu14/bin/../lib/gcc/riscv64-unknown-elf/8.1.0/:/home/jflanping/riscv64-unknown-elf-gcc-2018.07.0-x86_64-linux-ubuntu14/bin/../lib/gcc/:/home/jflanping/riscv64-unknown-elf-gcc-2018.07.0-x86_64-linux-ubuntu14/bin/../lib/gcc/riscv64-unknown-elf/8.1.0/../../../../riscv64-unknown-elf/lib/:/home/jflanping/riscv64-unknown-elf-gcc-2018.07.0-x86_64-linux-ubuntu14/bin/../riscv64-unknown-elf/lib/
COLLECT_GCC_OPTIONS='-v' '-o' 'cmTC_7b033' '-march=rv64imafdc' '-mabi=lp64d'
 /home/jflanping/riscv64-unknown-elf-gcc-2018.07.0-x86_64-linux-ubuntu14/bin/../libexec/gcc/riscv64-unknown-elf/8.1.0/collect2 -plugin /home/jflanping/riscv64-unknown-elf-gcc-2018.07.0-x86_64-linux-ubuntu14/bin/../libexec/gcc/riscv64-unknown-elf/8.1.0/liblto_plugin.so -plugin-opt=/home/jflanping/riscv64-unknown-elf-gcc-2018.07.0-x86_64-linux-ubuntu14/bin/../libexec/gcc/riscv64-unknown-elf/8.1.0/lto-wrapper -plugin-opt=-fresolution=/tmp/ccl6qQZD.res -plugin-opt=-pass-through=-lgcc -plugin-opt=-pass-through=-lc -plugin-opt=-pass-through=-lgloss -plugin-opt=-pass-through=-lgcc --sysroot=/home/jflanping/riscv64-unknown-elf-gcc-2018.07.0-x86_64-linux-ubuntu14/bin/../riscv64-unknown-elf -melf64lriscv -o cmTC_7b033 /home/jflanping/riscv64-unknown-elf-gcc-2018.07.0-x86_64-linux-ubuntu14/bin/../lib/gcc/riscv64-unknown-elf/8.1.0/../../../../riscv64-unknown-elf/lib/rv64imafdc/lp64d/crt0.o /home/jflanping/riscv64-unknown-elf-gcc-2018.07.0-x86_64-linux-ubuntu14/bin/../lib/gcc/riscv64-unknown-elf/8.1.0/rv64imafdc/lp64d/crtbegin.o -L/home/jflanping/riscv64-unknown-elf-gcc-2018.07.0-x86_64-linux-ubuntu14/bin/../lib/gcc/riscv64-unknown-elf/8.1.0/rv64imafdc/lp64d -L/home/jflanping/riscv64-unknown-elf-gcc-2018.07.0-x86_64-linux-ubuntu14/bin/../lib/gcc/riscv64-unknown-elf/8.1.0/../../../../riscv64-unknown-elf/lib/rv64imafdc/lp64d -L/home/jflanping/riscv64-unknown-elf-gcc-2018.07.0-x86_64-linux-ubuntu14/bin/../riscv64-unknown-elf/lib/rv64imafdc/lp64d -L/home/jflanping/riscv64-unknown-elf-gcc-2018.07.0-x86_64-linux-ubuntu14/bin/../lib/gcc/riscv64-unknown-elf/8.1.0 -L/home/jflanping/riscv64-unknown-elf-gcc-2018.07.0-x86_64-linux-ubuntu14/bin/../lib/gcc -L/home/jflanping/riscv64-unknown-elf-gcc-2018.07.0-x86_64-linux-ubuntu14/bin/../lib/gcc/riscv64-unknown-elf/8.1.0/../../../../riscv64-unknown-elf/lib -L/home/jflanping/riscv64-unknown-elf-gcc-2018.07.0-x86_64-linux-ubuntu14/bin/../riscv64-unknown-elf/lib CMakeFiles/cmTC_7b033.dir/CMakeCCompilerABI.c.o -lgcc --start-group -lc -lgloss --end-group -lgcc /home/jflanping/riscv64-unknown-elf-gcc-2018.07.0-x86_64-linux-ubuntu14/bin/../lib/gcc/riscv64-unknown-elf/8.1.0/rv64imafdc/lp64d/crtend.o
COLLECT_GCC_OPTIONS='-v' '-o' 'cmTC_7b033' '-march=rv64imafdc' '-mabi=lp64d'
gmake[1]: Leaving directory '/home/jflanping/OSLab/lab8/build/CMakeFiles/CMakeTmp'



Parsed C implicit include dir info from above output: rv=done
  found start of include info
  found start of implicit include info
    add: [/home/jflanping/riscv64-unknown-elf-gcc-2018.07.0-x86_64-linux-ubuntu14/bin/../lib/gcc/riscv64-unknown-elf/8.1.0/include]
    add: [/home/jflanping/riscv64-unknown-elf-gcc-2018.07.0-x86_64-linux-ubuntu14/bin/../lib/gcc/riscv64-unknown-elf/8.1.0/include-fixed]
    add: [/home/jflanping/riscv64-unknown-elf-gcc-2018.07.0-x86_64-linux-ubuntu14/bin/../lib/gcc/riscv64-unknown-elf/8.1.0/../../../../riscv64-unknown-elf/include]
  end of search list found
  collapse include dir [/home/jflanping/riscv64-unknown-elf-gcc-2018.07.0-x86_64-linux-ubuntu14/bin/../lib/gcc/riscv64-unknown-elf/8.1.0/include] ==> [/home/jflanping/riscv64-unknown-elf-gcc-2018.07.0-x86_64-linux-ubuntu14/lib/gcc/riscv64-unknown-elf/8.1.0/include]
  collapse include dir [/home/jflanping/riscv64-unknown-elf-gcc-2018.07.0-x86_64-linux-ubuntu14/bin/../lib/gcc/riscv64-unknown-elf/8.1.0/include-fixed] ==> [/home/jflanping/riscv64-unknown-elf-gcc-2018.07.0-x86_64-linux-ubuntu14/lib/gcc/riscv64-unknown-elf/8.1.0/include-fixed]
  collapse include dir [/home/jflanping/riscv64-unknown-elf-gcc-2018.07.0-x86_64-linux-ubuntu14/bin/../lib/gcc/riscv64-unknown-elf/8.1.0/../../../../riscv64-unknown-elf/include] ==> [/home/jflanping/riscv64-unknown-elf-gcc-2018.07.0-x86_64-linux-ubuntu14/riscv64-unknown-elf/include]
  implicit include dirs: [/home/jflanping/riscv64-unknown-elf-gcc-2018.07.0-x86_64-linux-ubuntu14/lib/gcc/riscv64-unknown-elf/8.1.0/include;/home/jflanping/riscv64-unknown-elf-gcc-2018.07.0-x86_64-linux-ubuntu14/lib/gcc/riscv64-unknown-elf/8.1.0/include-fixed;/home/jflanping/riscv64-unknown-elf-gcc-2018.07.0-x86_64-linux-ubuntu14/riscv64-unknown-elf/include]


Parsed C implicit link information from above output:
  link line regex: [^( *|.*[/\])(riscv64-unknown-elf-ld|CMAKE_LINK_STARTFILE-NOTFOUND|([^/\]+-)?ld|collect2)[^/\]*( |$)]
  ignore line: [Change Dir: /home/jflanping/OSLab/lab8/build/CMakeFiles/CMakeTmp]
  ignore line: []
  ignore line: [Run Build Command(s):/usr/bin/gmake -f Makefile cmTC_7b033/fast && /usr/bin/gmake  -f CMakeFiles/cmTC_7b033.dir/build.make CMakeFiles/cmTC_7b033.dir/build]
  ignore line: [gmake[1]: Entering directory '/home/jflanping/OSLab/lab8/build/CMakeFiles/CMakeTmp']
  ignore line: [Building C object CMakeFiles/cmTC_7b033.dir/CMakeCCompilerABI.c.o]
  ignore line: [/home/jflanping/riscv64-unknown-elf-gcc-2018.07.0-x86_64-linux-ubuntu14/bin/riscv64-unknown-elf-gcc   -v -o CMakeFiles/cmTC_7b033.dir/CMakeCCompilerABI.c.o -c /usr/share/cmake-3.22/Modules/CMakeCCompilerABI.c]
  ignore line: [Using built-in specs.]
  ignore line: [COLLECT_GCC=/home/jflanping/riscv64-unknown-elf-gcc-2018.07.0-x86_64-linux-ubuntu14/bin/riscv64-unknown-elf-gcc]
  ignore line: [Target: riscv64-unknown-elf]
  ignore line: [Configured with: /scratch/palmer/work/20180627-toolchain_binaries/riscv-binary-tools/obj/x86_64-linux-ubuntu14/build/riscv-gnu-toolchain/riscv-gcc/configure --target=riscv64-unknown-elf --host=x86_64-linux-gnu --prefix=/scratch/palmer/work/20180627-toolchain_binaries/riscv-binary-tools/obj/x86_64-linux-ubuntu14/install/riscv64-unknown-elf-gcc-2018.07.0-x86_64-linux-ubuntu14 --disable-shared --disable-threads --enable-languages=c c++ --without-system-zlib --enable-tls --with-newlib --with-sysroot=/scratch/palmer/work/20180627-toolchain_binaries/riscv-binary-tools/obj/x86_64-linux-ubuntu14/install/riscv64-unknown-elf-gcc-2018.07.0-x86_64-linux-ubuntu14/riscv64-unknown-elf --with-native-system-header-dir=/include --disable-libmudflap --disable-libssp --disable-libquadmath --disable-libgomp --disable-nls --src=.././riscv-gcc --enable-checking=yes --enable-multilib --with-abi=lp64d --with-arch=rv64imafdc 'CFLAGS_FOR_TARGET=-Os  -mcmodel=medany']
  ignore line: [Thread model: single]
  ignore line: [gcc version 8.1.0 (GCC) ]
  ignore line: [COLLECT_GCC_OPTIONS='-v' '-o' 'CMakeFiles/cmTC_7b033.dir/CMakeCCompilerABI.c.o' '-c' '-march=rv64imafdc' '-mabi=lp64d']
  ignore line: [ /home/jflanping/riscv64-unknown-elf-gcc-2018.07.0-x86_64-linux-ubuntu14/bin/../libexec/gcc/riscv64-unknown-elf/8.1.0/cc1 -quiet -v -imultilib rv64imafdc/lp64d -iprefix /home/jflanping/riscv64-unknown-elf-gcc-2018.07.0-x86_64-linux-ubuntu14/bin/../lib/gcc/riscv64-unknown-elf/8.1.0/ -isysroot /home/jflanping/riscv64-unknown-elf-gcc-2018.07.0-x86_64-linux-ubuntu14/bin/../riscv64-unknown-elf /usr/share/cmake-3.22/Modules/CMakeCCompilerABI.c -quiet -dumpbase CMakeCCompilerABI.c -march=rv64imafdc -mabi=lp64d -auxbase-strip CMakeFiles/cmTC_7b033.dir/CMakeCCompilerABI.c.o -version -o /tmp/cc5oAGiQ.s]
  ignore line: [GNU C17 (GCC) version 8.1.0 (riscv64-unknown-elf)]
  ignore line: [	compiled by GNU C version 5.4.0 20160609  GMP version 6.1.0  MPFR version 3.1.4  MPC version 1.0.3  isl version isl-0.18-GMP]
  ignore line: []
  ignore line: [GGC heuristics: --param ggc-min-expand=30 --param ggc-min-heapsize=4096]
  ignore line: [ignoring duplicate directory "/home/jflanping/riscv64-unknown-elf-gcc-2018.07.0-x86_64-linux-ubuntu14/bin/../lib/gcc/../../lib/gcc/riscv64-unknown-elf/8.1.0/include"]
  ignore line: [ignoring nonexistent directory "/home/jflanping/riscv64-unknown-elf-gcc-2018.07.0-x86_64-linux-ubuntu14/bin/../riscv64-unknown-elf/usr/local/include"]
  ignore line: [ignoring duplicate directory "/home/jflanping/riscv64-unknown-elf-gcc-2018.07.0-x86_64-linux-ubuntu14/bin/../lib/gcc/../../lib/gcc/riscv64-unknown-elf/8.1.0/include-fixed"]
  ignore line: [ignoring duplicate directory "/home/jflanping/riscv64-unknown-elf-gcc-2018.07.0-x86_64-linux-ubuntu14/bin/../lib/gcc/../../lib/gcc/riscv64-unknown-elf/8.1.0/../../../../riscv64-unknown-elf/include"]
  ignore line: [ignoring duplicate directory "/home/jflanping/riscv64-unknown-elf-gcc-2018.07.0-x86_64-linux-ubuntu14/bin/../riscv64-unknown-elf/include"]
  ignore line: [#include "..." search starts here:]
  ignore line: [#include <...> search starts here:]
  ignore line: [ /home/jflanping/riscv64-unknown-elf-gcc-2018.07.0-x86_64-linux-ubuntu14/bin/../lib/gcc/riscv64-unknown-elf/8.1.0/include]
  ignore line: [ /home/jflanping/riscv64-unknown-elf-gcc-2018.07.0-x86_64-linux-ubuntu14/bin/../lib/gcc/riscv64-unknown-elf/8.1.0/include-fixed]
  ignore line: [ /home/jflanping/riscv64-unknown-elf-gcc-2018.07.0-x86_64-linux-ubuntu14/bin/../lib/gcc/riscv64-unknown-elf/8.1.0/../../../../riscv64-unknown-elf/include]
  ignore line: [End of search list.]
  ignore line: [GNU C17 (GCC) version 8.1.0 (riscv64-unknown-elf)]
  ignore line: [	compiled by GNU C version 5.4.0 20160609  GMP version 6.1.0  MPFR version 3.1.4  MPC version 1.0.3  isl version isl-0.18-GMP]
  ignore line: []
  ignore line: [GGC heuristics: --param ggc-min-expand=30 --param ggc-min-heapsize=4096]
  ignore line: [Compiler executable checksum: f24a014d56799ae268b5fff3e52ef8b3]
  ignore line: [COLLECT_GCC_OPTIONS='-v' '-o' 'CMakeFiles/cmTC_7b033.dir/CMakeCCompilerABI.c.o' '-c' '-march=rv64imafdc' '-mabi=lp64d']
  ignore line: [ /home/jflanping/riscv64-unknown-elf-gcc-2018.07.0-x86_64-linux-ubuntu14/bin/../lib/gcc/riscv64-unknown-elf/8.1.0/../../../../riscv64-unknown-elf/bin/as -v --traditional-format -march=rv64imafdc -mabi=lp64d -o CMakeFiles/cmTC_7b033.dir/CMakeCCompilerABI.c.o /tmp/cc5oAGiQ.s]
  ignore line: [GNU assembler version 2.30 (riscv64-unknown-elf) using BFD version (GNU Binutils) 2.30]
  ignore line: [COMPILER_PATH=/home/jflanping/riscv64-unknown-elf-gcc-2018.07.0-x86_64-linux-ubuntu14/bin/../libexec/gcc/riscv64-unknown-elf/8.1.0/:/home/jflanping/riscv64-unknown-elf-gcc-2018.07.0-x86_64-linux-ubuntu14/bin/../libexec/gcc/:/home/jflanping/riscv64-unknown-elf-gcc-2018.07.0-x86_64-linux-ubuntu14/bin/../lib/gcc/riscv64-unknown-elf/8.1.0/../../../../riscv64-unknown-elf/bin/]
  ignore line: [LIBRARY_PATH=/home/jflanping/riscv64-unknown-elf-gcc-2018.07.0-x86_64-linux-ubuntu14/bin/../lib/gcc/riscv64-unknown-elf/8.1.0/rv64imafdc/lp64d/:/home/jflanping/riscv64-unknown-elf-gcc-2018.07.0-x86_64-linux-ubuntu14/bin/../lib/gcc/riscv64-unknown-elf/8.1.0/../../../../riscv64-unknown-elf/lib/rv64imafdc/lp64d/:/home/jflanping/riscv64-unknown-elf-gcc-2018.07.0-x86_64-linux-ubuntu14/bin/../riscv64-unknown-elf/lib/rv64imafdc/lp64d/:/home/jflanping/riscv64-unknown-elf-gcc-2018.07.0-x86_64-linux-ubuntu14/bin/../lib/gcc/riscv64-unknown-elf/8.1.0/:/home/jflanping/riscv64-unknown-elf-gcc-2018.07.0-x86_64-linux-ubuntu14/bin/../lib/gcc/:/home/jflanping/riscv64-unknown-elf-gcc-2018.07.0-x86_64-linux-ubuntu14/bin/../lib/gcc/riscv64-unknown-elf/8.1.0/../../../../riscv64-unknown-elf/lib/:/home/jflanping/riscv64-unknown-elf-gcc-2018.07.0-x86_64-linux-ubuntu14/bin/../riscv64-unknown-elf/lib/]
  ignore line: [COLLECT_GCC_OPTIONS='-v' '-o' 'CMakeFiles/cmTC_7b033.dir/CMakeCCompilerABI.c.o' '-c' '-march=rv64imafdc' '-mabi=lp64d']
  ignore line: [Linking C executable cmTC_7b033]
  ignore line: [/usr/bin/cmake -E cmake_link_script CMakeFiles/cmTC_7b033.dir/link.txt --verbose=1]
  ignore line: [/home/jflanping/riscv64-unknown-elf-gcc-2018.07.0-x86_64-linux-ubuntu14/bin/riscv64-unknown-elf-gcc  -v CMakeFiles/cmTC_7b033.dir/CMakeCCompilerABI.c.o -o cmTC_7b033 ]
  ignore line: [Using built-in specs.]
  ignore line: [COLLECT_GCC=/home/jflanping/riscv64-unknown-elf-gcc-2018.07.0-x86_64-linux-ubuntu14/bin/riscv64-unknown-elf-gcc]
  ignore line: [COLLECT_LTO_WRAPPER=/home/jflanping/riscv64-unknown-elf-gcc-2018.07.0-x86_64-linux-ubuntu14/bin/../libexec/gcc/riscv64-unknown-elf/8.1.0/lto-wrapper]
  ignore line: [Target: riscv64-unknown-elf]
  ignore line: [Configured with: /scratch/palmer/work/20180627-toolchain_binaries/riscv-binary-tools/obj/x86_64-linux-ubuntu14/build/riscv-gnu-toolchain/riscv-gcc/configure --target=riscv64-unknown-elf --host=x86_64-linux-gnu --prefix=/scratch/palmer/work/20180627-toolchain_binaries/riscv-binary-tools/obj/x86_64-linux-ubuntu14/install/riscv64-unknown-elf-gcc-2018.07.0-x86_64-linux-ubuntu14 --disable-shared --disable-threads --enable-languages=c c++ --without-system-zlib --enable-tls --with-newlib --with-sysroot=/scratch/palmer/work/20180627-toolchain_binaries/riscv-binary-tools/obj/x86_64-linux-ubuntu14/install/riscv64-unknown-elf-gcc-2018.07.0-x86_64-linux-ubuntu14/riscv64-unknown-elf --with-native-system-header-dir=/include --disable-libmudflap --disable-libssp --disable-libquadmath --disable-libgomp --disable-nls --src=.././riscv-gcc --enable-checking=yes --enable-multilib --with-abi=lp64d --with-arch=rv64imafdc 'CFLAGS_FOR_TARGET=-Os  -mcmodel=medany']
  ignore line: [Thread model: single]
  ignore line: [gcc version 8.1.0 (GCC) ]
  ignore line: [COMPILER_PATH=/home/jflanping/riscv64-unknown-elf-gcc-2018.07.0-x86_64-linux-ubuntu14/bin/../libexec/gcc/riscv64-unknown-elf/8.1.0/:/home/jflanping/riscv64-unknown-elf-gcc-2018.07.0-x86_64-linux-ubuntu14/bin/../libexec/gcc/:/home/jflanping/riscv64-unknown-elf-gcc-2018.07.0-x86_64-linux-ubuntu14/bin/../lib/gcc/riscv64-unknown-elf/8.1.0/../../../../riscv64-unknown-elf/bin/]
  ignore line: [LIBRARY_PATH=/home/jflanping/riscv64-unknown-elf-gcc-2018.07.0-x86_64-linux-ubuntu14/bin/../lib/gcc/riscv64-unknown-elf/8.1.0/rv64imafdc/lp64d/:/home/jflanping/riscv64-unknown-elf-gcc-2018.07.0-x86_64-linux-ubuntu14/bin/../lib/gcc/riscv64-unknown-elf/8.1.0/../../../../riscv64-unknown-elf/lib/rv64imafdc/lp64d/:/home/jflanping/riscv64-unknown-elf-gcc-2018.07.0-x86_64-linux-ubuntu14/bin/../riscv64-unknown-elf/lib/rv64imafdc/lp64d/:/home/jflanping/riscv64-unknown-elf-gcc-2018.07.0-x86_64-linux-ubuntu14/bin/../lib/gcc/riscv64-unknown-elf/8.1.0/:/home/jflanping/riscv64-unknown-elf-gcc-2018.07.0-x86_64-linux-ubuntu14/bin/../lib/gcc/:/home/jflanping/riscv64-unknown-elf-gcc-2018.07.0-x86_64-linux-ubuntu14/bin/../lib/gcc/riscv64-unknown-elf/8.1.0/../../../../riscv64-unknown-elf/lib/:/home/jflanping/riscv64-unknown-elf-gcc-2018.07.0-x86_64-linux-ubuntu14/bin/../riscv64-unknown-elf/lib/]
  ignore line: [COLLECT_GCC_OPTIONS='-v' '-o' 'cmTC_7b033' '-march=rv64imafdc' '-mabi=lp64d']
  link line: [ /home/jflanping/riscv64-unknown-elf-gcc-2018.07.0-x86_64-linux-ubuntu14/bin/../libexec/gcc/riscv64-unknown-elf/8.1.0/collect2 -plugin /home/jflanping/riscv64-unknown-elf-gcc-2018.07.0-x86_64-linux-ubuntu14/bin/../libexec/gcc/riscv64-unknown-elf/8.1.0/liblto_plugin.so -plugin-opt=/home/jflanping/riscv64-unknown-elf-gcc-2018.07.0-x86_64-linux-ubuntu14/bin/../libexec/gcc/riscv64-unknown-elf/8.1.0/lto-wrapper -plugin-opt=-fresolution=/tmp/ccl6qQZD.res -plugin-opt=-pass-through=-lgcc -plugin-opt=-pass-through=-lc -plugin-opt=-pass-through=-lgloss -plugin-opt=-pass-through=-lgcc --sysroot=/home/jflanping/riscv64-unknown-elf-gcc-2018.07.0-x86_64-linux-ubuntu14/bin/../riscv64-unknown-elf -melf64lriscv -o cmTC_7b033 /home/jflanping/riscv64-unknown-elf-gcc-2018.07.0-x86_64-linux-ubuntu14/bin/../lib/gcc/riscv64-unknown-elf/8.1.0/../../../../riscv64-unknown-elf/lib/rv64imafdc/lp64d/crt0.o /home/jflanping/riscv64-unknown-elf-gcc-2018.07.0-x86_64-linux-ubuntu14/bin/../lib/gcc/riscv64-unknown-elf/8.1.0/rv64imafdc/lp64d/crtbegin.o -L/home/jflanping/riscv64-unknown-elf-gcc-2018.07.0-x86_64-linux-ubuntu14/bin/../lib/gcc/riscv64-unknown-elf/8.1.0/rv64imafdc/lp64d -L/home/jflanping/riscv64-unknown-elf-gcc-2018.07.0-x86_64-linux-ubuntu14/bin/../lib/gcc/riscv64-unknown-elf/8.1.0/../../../../riscv64-unknown-elf/lib/rv64imafdc/lp64d -L/home/jflanping/riscv64-unknown-elf-gcc-2018.07.0-x86_64-linux-ubuntu14/bin/../riscv64-unknown-elf/lib/rv64imafdc/lp64d -L/home/jflanping/riscv64-unknown-elf-gcc-2018.07.0-x86_64-linux-ubuntu14/bin/../lib/gcc/riscv64-unknown-elf/8.1.0 -L/home/jflanping/riscv64-unknown-elf-gcc-2018.07.0-x86_64-linux-ubuntu14/bin/../lib/gcc -L/home/jflanping/riscv64-unknown-elf-gcc-2018.07.0-x86_64-linux-ubuntu14/bin/../lib/gcc/riscv64-unknown-elf/8.1.0/../../../../riscv64-unknown-elf/lib -L/home/jflanping/riscv64-unknown-elf-gcc-2018.07.0-x86_64-linux-ubuntu14/bin/../riscv64-unknown-elf/lib CMakeFiles/cmTC_7b033.dir/CMakeCCompilerABI.c.o -lgcc --start-group -lc -lgloss --end-group -lgcc /home/jflanping/riscv64-unknown-elf-gcc-2018.07.0-x86_64-linux-ubuntu14/bin/../lib/gcc/riscv64-unknown-elf/8.1.0/rv64imafdc/lp64d/crtend.o]
    arg [/home/jflanping/riscv64-unknown-elf-gcc-2018.07.0-x86_64-linux-ubuntu14/bin/../libexec/gcc/riscv64-unknown-elf/8.1.0/collect2] ==> ignore
    arg [-plugin] ==> ignore
    arg [/home/jflanping/riscv64-unknown-elf-gcc-2018.07.0-x86_64-linux-ubuntu14/bin/../libexec/gcc/riscv64-unknown-elf/8.1.0/liblto_plugin.so] ==> ignore
    arg [-plugin-opt=/home/jflanping/riscv64-unknown-elf-gcc-2018.07.0-x86_64-linux-ubuntu14/bin/../libexec/gcc/riscv64-unknown-elf/8.1.0/lto-wrapper] ==> ignore
    arg [-plugin-opt=-fresolution=/tmp/ccl6qQZD.res] ==> ignore
    arg [-plugin-opt=-pass-through=-lgcc] ==> ignore
    arg [-plugin-opt=-pass-through=-lc] ==> ignore
    arg [-plugin-opt=-pass-through=-lgloss] ==> ignore
    arg [-plugin-opt=-pass-through=-lgcc] ==> ignore
    arg [--sysroot=/home/jflanping/riscv64-unknown-elf-gcc-2018.07.0-x86_64-linux-ubuntu14/bin/../riscv64-unknown-elf] ==> ignore
    arg [-melf64lriscv] ==> ignore
    arg [-o] ==> ignore
    arg [cmTC_7b033] ==> ignore
    arg [/home/jflanping/riscv64-unknown-elf-gcc-2018.07.0-x86_64-linux-ubuntu14/bin/../lib/gcc/riscv64-unknown-elf/8.1.0/../../../../riscv64-unknown-elf/lib/rv64imafdc/lp64d/crt0.o] ==> obj [/home/jflanping/riscv64-unknown-elf-gcc-2018.07.0-x86_64-linux-ubuntu14/bin/../lib/gcc/riscv64-unknown-elf/8.1.0/../../../../riscv64-unknown-elf/lib/rv64imafdc/lp64d/crt0.o]
    arg [/home/jflanping/riscv64-unknown-elf-gcc-2018.07.0-x86_64-linux-ubuntu14/bin/../lib/gcc/riscv64-unknown-elf/8.1.0/rv64imafdc/lp64d/crtbegin.o] ==> obj [/home/jflanping/riscv64-unknown-elf-gcc-2018.07.0-x86_64-linux-ubuntu14/bin/../lib/gcc/riscv64-unknown-elf/8.1.0/rv64imafdc/lp64d/crtbegin.o]
    arg [-L/home/jflanping/riscv64-unknown-elf-gcc-2018.07.0-x86_64-linux-ubuntu14/bin/../lib/gcc/riscv64-unknown-elf/8.1.0/rv64imafdc/lp64d] ==> dir [/home/jflanping/riscv64-unknown-elf-gcc-2018.07.0-x86_64-linux-ubuntu14/bin/../lib/gcc/riscv64-unknown-elf/8.1.0/rv64imafdc/lp64d]
    arg [-L/home/jflanping/riscv64-unknown-elf-gcc-2018.07.0-x86_64-linux-ubuntu14/bin/../lib/gcc/riscv64-unknown-elf/8.1.0/../../../../riscv64-unknown-elf/lib/rv64imafdc/lp64d] ==> dir [/home/jflanping/riscv64-unknown-elf-gcc-2018.07.0-x86_64-linux-ubuntu14/bin/../lib/gcc/riscv64-unknown-elf/8.1.0/../../../../riscv64-unknown-elf/lib/rv64imafdc/lp64d]
    arg [-L/home/jflanping/riscv64-unknown-elf-gcc-2018.07.0-x86_64-linux-ubuntu14/bin/../riscv64-unknown-elf/lib/rv64imafdc/lp64d] ==> dir [/home/jflanping/riscv64-unknown-elf-gcc-2018.07.0-x86_64-linux-ubuntu14/bin/../riscv64-unknown-elf/lib/rv64imafdc/lp64d]
    arg [-L/home/jflanping/riscv64-unknown-elf-gcc-2018.07.0-x86_64-linux-ubuntu14/bin/../lib/gcc/riscv64-unknown-elf/8.1.0] ==> dir [/home/jflanping/riscv64-unknown-elf-gcc-2018.07.0-x86_64-linux-ubuntu14/bin/../lib/gcc/riscv64-unknown-elf/8.1.0]
    arg [-L/home/jflanping/riscv64-unknown-elf-gcc-2018.07.0-x86_64-linux-ubuntu14/bin/../lib/gcc] ==> dir [/home/jflanping/riscv64-unknown-elf-gcc-2018.07.0-x86_64-linux-ubuntu14/bin/../lib/gcc]
    arg [-L/home/jflanping/riscv64-unknown-elf-gcc-2018.07.0-x86_64-linux-ubuntu14/bin/../lib/gcc/riscv64-unknown-elf/8.1.0/../../../../riscv64-unknown-elf/lib] ==> dir [/home/jflanping/riscv64-unknown-elf-gcc-2018.07.0-x86_64-linux-ubuntu14/bin/../lib/gcc/riscv64-unknown-elf/8.1.0/../../../../riscv64-unknown-elf/lib]
    arg [-L/home/jflanping/riscv64-unknown-elf-gcc-2018.07.0-x86_64-linux-ubuntu14/bin/../riscv64-unknown-elf/lib] ==> dir [/home/jflanping/riscv64-unknown-elf-gcc-2018.07.0-x86_64-linux-ubuntu14/bin/../riscv64-unknown-elf/lib]
    arg [CMakeFiles/cmTC_7b033.dir/CMakeCCompilerABI.c.o] ==> ignore
    arg [-lgcc] ==> lib [gcc]
    arg [--start-group] ==> ignore
    arg [-lc] ==> lib [c]
    arg [-lgloss] ==> lib [gloss]
    arg [--end-group] ==> ignore
    arg [-lgcc] ==> lib [gcc]
    arg [/home/jflanping/riscv64-unknown-elf-gcc-2018.07.0-x86_64-linux-ubuntu14/bin/../lib/gcc/riscv64-unknown-elf/8.1.0/rv64imafdc/lp64d/crtend.o] ==> obj [/home/jflanping/riscv64-unknown-elf-gcc-2018.07.0-x86_64-linux-ubuntu14/bin/../lib/gcc/riscv64-unknown-elf/8.1.0/rv64imafdc/lp64d/crtend.o]
  collapse obj [/home/jflanping/riscv64-unknown-elf-gcc-2018.07.0-x86_64-linux-ubuntu14/bin/../lib/gcc/riscv64-unknown-elf/8.1.0/../../../../riscv64-unknown-elf/lib/rv64imafdc/lp64d/crt0.o] ==> [/home/jflanping/riscv64-unknown-elf-gcc-2018.07.0-x86_64-linux-ubuntu14/riscv64-unknown-elf/lib/rv64imafdc/lp64d/crt0.o]
  collapse obj [/home/jflanping/riscv64-unknown-elf-gcc-2018.07.0-x86_64-linux-ubuntu14/bin/../lib/gcc/riscv64-unknown-elf/8.1.0/rv64imafdc/lp64d/crtbegin.o] ==> [/home/jflanping/riscv64-unknown-elf-gcc-2018.07.0-x86_64-linux-ubuntu14/lib/gcc/riscv64-unknown-elf/8.1.0/rv64imafdc/lp64d/crtbegin.o]
  collapse obj [/home/jflanping/riscv64-unknown-elf-gcc-2018.07.0-x86_64-linux-ubuntu14/bin/../lib/gcc/riscv64-unknown-elf/8.1.0/rv64imafdc/lp64d/crtend.o] ==> [/home/jflanping/riscv64-unknown-elf-gcc-2018.07.0-x86_64-linux-ubuntu14/lib/gcc/riscv64-unknown-elf/8.1.0/rv64imafdc/lp64d/crtend.o]
  collapse library dir [/home/jflanping/riscv64-unknown-elf-gcc-2018.07.0-x86_64-linux-ubuntu14/bin/../lib/gcc/riscv64-unknown-elf/8.1.0/rv64imafdc/lp64d] ==> [/home/jflanping/riscv64-unknown-elf-gcc-2018.07.0-x86_64-linux-ubuntu14/lib/gcc/riscv64-unknown-elf/8.1.0/rv64imafdc/lp64d]
  collapse library dir [/home/jflanping/riscv64-unknown-elf-gcc-2018.07.0-x86_64-linux-ubuntu14/bin/../lib/gcc/riscv64-unknown-elf/8.1.0/../../../../riscv64-unknown-elf/lib/rv64imafdc/lp64d] ==> [/home/jflanping/riscv64-unknown-elf-gcc-2018.07.0-x86_64-linux-ubuntu14/riscv64-unknown-elf/lib/rv64imafdc/lp64d]
  collapse library dir [/home/jflanping/riscv64-unknown-elf-gcc-2018.07.0-x86_64-linux-ubuntu14/bin/../riscv64-unknown-elf/lib/rv64imafdc/lp64d] ==> [/home/jflanping/riscv64-unknown-elf-gcc-2018.07.0-x86_64-linux-ubuntu14/riscv64-unknown-elf/lib/rv64imafdc/lp64d]
  collapse library dir [/home/jflanping/riscv64-unknown-elf-gcc-2018.07.0-x86_64-linux-ubuntu14/bin/../lib/gcc/riscv64-unknown-elf/8.1.0] ==> [/home/jflanping/riscv64-unknown-elf-gcc-2018.07.0-x86_64-linux-ubuntu14/lib/gcc/riscv64-unknown-elf/8.1.0]
  collapse library dir [/home/jflanping/riscv64-unknown-elf-gcc-2018.07.0-x86_64-linux-ubuntu14/bin/../lib/gcc] ==> [/home/jflanping/riscv64-unknown-elf-gcc-2018.07.0-x86_64-linux-ubuntu14/lib/gcc]
  collapse library dir [/home/jflanping/riscv64-unknown-elf-gcc-2018.07.0-x86_64-linux-ubuntu14/bin/../lib/gcc/riscv64-unknown-elf/8.1.0/../../../../riscv64-unknown-elf/lib] ==> [/home/jflanping/riscv64-unknown-elf-gcc-2018.07.0-x86_64-linux-ubuntu14/riscv64-unknown-elf/lib]
  collapse library dir [/home/jflanping/riscv64-unknown-elf-gcc-2018.07.0-x86_64-linux-ubuntu14/bin/../riscv64-unknown-elf/lib] ==> [/home/jflanping/riscv64-unknown-elf-gcc-2018.07.0-x86_64-linux-ubuntu14/riscv64-unknown-elf/lib]
  implicit libs: [gcc;c;gloss;gcc]
  implicit objs: [/home/jflanping/riscv64-unknown-elf-gcc-2018.07.0-x86_64-linux-ubuntu14/riscv64-unknown-elf/lib/rv64imafdc/lp64d/crt0.o;/home/jflanping/riscv64-unknown-elf-gcc-2018.07.0-x86_64-linux-ubuntu14/lib/gcc/riscv64-unknown-elf/8.1.0/rv64imafdc/lp64d/crtbegin.o;/home/jflanping/riscv64-unknown-elf-gcc-2018.07.0-x86_64-linux-ubuntu14/lib/gcc/riscv64-unknown-elf/8.1.0/rv64imafdc/lp64d/crtend.o]
  implicit dirs: [/home/jflanping/riscv64-unknown-elf-gcc-2018.07.0-x86_64-linux-ubuntu14/lib/gcc/riscv64-unknown-elf/8.1.0/rv64imafdc/lp64d;/home/jflanping/riscv64-unknown-elf-gcc-2018.07.0-x86_64-linux-ubuntu14/riscv64-unknown-elf/lib/rv64imafdc/lp64d;/home/jflanping/riscv64-unknown-elf-gcc-2018.07.0-x86_64-linux-ubuntu14/lib/gcc/riscv64-unknown-elf/8.1.0;/home/jflanping/riscv64-unknown-elf-gcc-2018.07.0-x86_64-linux-ubuntu14/lib/gcc;/home/jflanping/riscv64-unknown-elf-gcc-2018.07.0-x86_64-linux-ubuntu14/riscv64-unknown-elf/lib]
  implicit fwks: []


